...found 9 targets...
...updating 3 targets...
common.mkdir libs/config/checks/architecture/bin/darwin-4.2.1
common.mkdir libs/config/checks/architecture/bin/darwin-4.2.1/debug
darwin.compile.c++ libs/config/checks/architecture/bin/darwin-4.2.1/debug/32.o
libs/config/checks/architecture/32.cpp:9:10: error: 'test' declared as an array with a negative size
int test[sizeof(void*) == 4? 1 : -1];
         ^~~~~~~~~~~~~~~~~~~~~~~~~~
1 error generated.

    "g++"  -ftemplate-depth-128 -O0 -fno-inline -Wall -g -dynamic -gdwarf-2 -fexceptions -fPIC     -c -o "libs/config/checks/architecture/bin/darwin-4.2.1/debug/32.o" "libs/config/checks/architecture/32.cpp"

...failed darwin.compile.c++ libs/config/checks/architecture/bin/darwin-4.2.1/debug/32.o...
...failed updating 1 target...
...updated 2 targets...
...found 2 targets...
...updating 1 target...
darwin.compile.c++ libs/config/checks/architecture/bin/darwin-4.2.1/debug/64.o
...updated 1 target...
...found 2 targets...
...updating 1 target...
darwin.compile.c++ libs/config/checks/architecture/bin/darwin-4.2.1/debug/arm.o
libs/config/checks/architecture/arm.cpp:13:2: error: "Not ARM"
#error "Not ARM"
 ^
1 error generated.

    "g++"  -ftemplate-depth-128 -O0 -fno-inline -Wall -g -dynamic -gdwarf-2 -fexceptions -fPIC     -c -o "libs/config/checks/architecture/bin/darwin-4.2.1/debug/arm.o" "libs/config/checks/architecture/arm.cpp"

...failed darwin.compile.c++ libs/config/checks/architecture/bin/darwin-4.2.1/debug/arm.o...
...failed updating 1 target...
...found 2 targets...
...updating 1 target...
darwin.compile.c++ libs/config/checks/architecture/bin/darwin-4.2.1/debug/mips1.o
libs/config/checks/architecture/mips1.cpp:10:2: error: "Not MIPS1"
#error "Not MIPS1"
 ^
1 error generated.

    "g++"  -ftemplate-depth-128 -O0 -fno-inline -Wall -g -dynamic -gdwarf-2 -fexceptions -fPIC     -c -o "libs/config/checks/architecture/bin/darwin-4.2.1/debug/mips1.o" "libs/config/checks/architecture/mips1.cpp"

...failed darwin.compile.c++ libs/config/checks/architecture/bin/darwin-4.2.1/debug/mips1.o...
...failed updating 1 target...
...found 2 targets...
...updating 1 target...
darwin.compile.c++ libs/config/checks/architecture/bin/darwin-4.2.1/debug/power.o
libs/config/checks/architecture/power.cpp:13:2: error: "Not PPC"
#error "Not PPC"
 ^
1 error generated.

    "g++"  -ftemplate-depth-128 -O0 -fno-inline -Wall -g -dynamic -gdwarf-2 -fexceptions -fPIC     -c -o "libs/config/checks/architecture/bin/darwin-4.2.1/debug/power.o" "libs/config/checks/architecture/power.cpp"

...failed darwin.compile.c++ libs/config/checks/architecture/bin/darwin-4.2.1/debug/power.o...
...failed updating 1 target...
...found 2 targets...
...updating 1 target...
darwin.compile.c++ libs/config/checks/architecture/bin/darwin-4.2.1/debug/sparc.o
libs/config/checks/architecture/sparc.cpp:10:2: error: "Not SPARC"
#error "Not SPARC"
 ^
1 error generated.

    "g++"  -ftemplate-depth-128 -O0 -fno-inline -Wall -g -dynamic -gdwarf-2 -fexceptions -fPIC     -c -o "libs/config/checks/architecture/bin/darwin-4.2.1/debug/sparc.o" "libs/config/checks/architecture/sparc.cpp"

...failed darwin.compile.c++ libs/config/checks/architecture/bin/darwin-4.2.1/debug/sparc.o...
...failed updating 1 target...
...found 2 targets...
...updating 1 target...
darwin.compile.c++ libs/config/checks/architecture/bin/darwin-4.2.1/debug/x86.o
...updated 1 target...
...found 3 targets...
...updating 3 targets...
common.mkdir bin.v2
link.touch bin.v2/test-symlink-source
link.mklink bin.v2/test-symlink
...updated 3 targets...
...found 95 targets...
...updating 7 targets...
common.mkdir bin.v2/libs
common.mkdir bin.v2/libs/context
common.mkdir bin.v2/libs/context/build
common.mkdir bin.v2/libs/context/build/darwin-4.2.1
common.mkdir bin.v2/libs/context/build/darwin-4.2.1/debug
common.mkdir bin.v2/libs/context/build/darwin-4.2.1/debug/threading-multi
darwin.compile.c++ bin.v2/libs/context/build/darwin-4.2.1/debug/threading-multi/cxx11_hdr_mutex_check.o
libs/context/src/../build/cxx11_hdr_mutex.cpp:9:2: error: "C++11 <mutex> is not available."
#error "C++11 <mutex> is not available."
 ^
1 error generated.

    "g++"  -ftemplate-depth-128 -O0 -fno-inline -Wall -g -dynamic -gdwarf-2 -fexceptions -fPIC -arch x86_64  -DBOOST_ALL_NO_LIB=1 -DBOOST_CONTEXT_DYN_LINK=1 -DBOOST_CONTEXT_SOURCE  -I"." -c -o "bin.v2/libs/context/build/darwin-4.2.1/debug/threading-multi/cxx11_hdr_mutex_check.o" "libs/context/src/../build/cxx11_hdr_mutex.cpp"

...failed darwin.compile.c++ bin.v2/libs/context/build/darwin-4.2.1/debug/threading-multi/cxx11_hdr_mutex_check.o...
...failed updating 1 target...
...updated 6 targets...
...patience...
...found 120 targets...
...updating 14 targets...
common.mkdir bin.v2/libs/thread
common.mkdir bin.v2/libs/thread/build
common.mkdir bin.v2/libs/thread/build/darwin-4.2.1
common.mkdir bin.v2/libs/thread/build/darwin-4.2.1/debug
common.mkdir bin.v2/libs/thread/build/darwin-4.2.1/debug/threading-multi
darwin.compile.c++ bin.v2/libs/thread/build/darwin-4.2.1/debug/threading-multi/has_atomic_flag_lockfree_test.o
common.mkdir bin.v2/libs/system
common.mkdir bin.v2/libs/system/build
common.mkdir bin.v2/libs/system/build/darwin-4.2.1
common.mkdir bin.v2/libs/system/build/darwin-4.2.1/debug
common.mkdir bin.v2/libs/system/build/darwin-4.2.1/debug/threading-multi
darwin.compile.c++ bin.v2/libs/system/build/darwin-4.2.1/debug/threading-multi/error_code.o
darwin.link.dll bin.v2/libs/system/build/darwin-4.2.1/debug/threading-multi/libboost_system.dylib
darwin.link bin.v2/libs/thread/build/darwin-4.2.1/debug/threading-multi/has_atomic_flag_lockfree
...updated 14 targets...
...found 252 targets...
...updating 7 targets...
common.mkdir bin.v2/libs/config
common.mkdir bin.v2/libs/config/checks
common.mkdir bin.v2/libs/config/checks/darwin-4.2.1
common.mkdir bin.v2/libs/config/checks/darwin-4.2.1/debug
darwin.compile.c++ bin.v2/libs/config/checks/darwin-4.2.1/debug/cxx11_auto_declarations_obj.o
In file included from /Users/heart/Myfiles/NX/thirdparty-cpp/boost_1_62_0/libs/config/checks/test_case.cpp:237:
/Users/heart/Myfiles/NX/thirdparty-cpp/boost_1_62_0/libs/config/checks/../test/boost_no_auto_declarations.ipp:20:4: warning: 'auto' type specifier is a C++11 extension [-Wc++11-extensions]
   auto x = 10;
   ^
1 warning generated.
darwin.link bin.v2/libs/config/checks/darwin-4.2.1/debug/cxx11_auto_declarations
testing.unit-test bin.v2/libs/config/checks/darwin-4.2.1/debug/cxx11_auto_declarations.passed
...updated 7 targets...
...found 3 targets...
...updating 3 targets...
darwin.compile.c++ bin.v2/libs/config/checks/darwin-4.2.1/debug/cxx11_constexpr_obj.o
In file included from /Users/heart/Myfiles/NX/thirdparty-cpp/boost_1_62_0/libs/config/checks/test_case.cpp:265:
/Users/heart/Myfiles/NX/thirdparty-cpp/boost_1_62_0/libs/config/checks/../test/boost_no_constexpr.ipp:17:1: error: unknown type name 'constexpr'
constexpr int square(int x) { return x * x; }  // from N2235
^
/Users/heart/Myfiles/NX/thirdparty-cpp/boost_1_62_0/libs/config/checks/../test/boost_no_constexpr.ipp:17:11: error: expected unqualified-id
constexpr int square(int x) { return x * x; }  // from N2235
          ^
/Users/heart/Myfiles/NX/thirdparty-cpp/boost_1_62_0/libs/config/checks/../test/boost_no_constexpr.ipp:20:1: error: unknown type name 'constexpr'
constexpr const int* addr(const int& ir) { return &ir; }
^
/Users/heart/Myfiles/NX/thirdparty-cpp/boost_1_62_0/libs/config/checks/../test/boost_no_constexpr.ipp:20:11: error: expected unqualified-id
constexpr const int* addr(const int& ir) { return &ir; }
          ^
/Users/heart/Myfiles/NX/thirdparty-cpp/boost_1_62_0/libs/config/checks/../test/boost_no_constexpr.ipp:22:1: error: unknown type name 'constexpr'
constexpr const int* xp = addr(x);
^
/Users/heart/Myfiles/NX/thirdparty-cpp/boost_1_62_0/libs/config/checks/../test/boost_no_constexpr.ipp:22:11: error: expected unqualified-id
constexpr const int* xp = addr(x);
          ^
/Users/heart/Myfiles/NX/thirdparty-cpp/boost_1_62_0/libs/config/checks/../test/boost_no_constexpr.ipp:26:4: error: unknown type name 'constexpr'
   constexpr A(int i) : val(i) { }
   ^
/Users/heart/Myfiles/NX/thirdparty-cpp/boost_1_62_0/libs/config/checks/../test/boost_no_constexpr.ipp:26:14: error: constructor cannot have a return type
   constexpr A(int i) : val(i) { }
             ^
/Users/heart/Myfiles/NX/thirdparty-cpp/boost_1_62_0/libs/config/checks/../test/boost_no_constexpr.ipp:27:4: error: unknown type name 'constexpr'
   constexpr operator int()const { return val; }
   ^
/Users/heart/Myfiles/NX/thirdparty-cpp/boost_1_62_0/libs/config/checks/../test/boost_no_constexpr.ipp:28:4: error: unknown type name 'constexpr'
   constexpr operator long()const { return 43; }
   ^
/Users/heart/Myfiles/NX/thirdparty-cpp/boost_1_62_0/libs/config/checks/../test/boost_no_constexpr.ipp:38:1: error: unknown type name 'constexpr'
constexpr A a = 42;
^
/Users/heart/Myfiles/NX/thirdparty-cpp/boost_1_62_0/libs/config/checks/../test/boost_no_constexpr.ipp:38:12: error: expected ';' after top level declarator
constexpr A a = 42;
           ^
           ;
/Users/heart/Myfiles/NX/thirdparty-cpp/boost_1_62_0/libs/config/checks/../test/boost_no_constexpr.ipp:43:3: error: use of undeclared identifier 'a'
X<a> xx; // OK: unique conversion to int
  ^
/Users/heart/Myfiles/NX/thirdparty-cpp/boost_1_62_0/libs/config/checks/../test/boost_no_constexpr.ipp:52:4: error: unknown type name 'constexpr'
   constexpr C() {}
   ^
/Users/heart/Myfiles/NX/thirdparty-cpp/boost_1_62_0/libs/config/checks/../test/boost_no_constexpr.ipp:52:14: error: constructor cannot have a return type
   constexpr C() {}
             ^
/Users/heart/Myfiles/NX/thirdparty-cpp/boost_1_62_0/libs/config/checks/../test/boost_no_constexpr.ipp:59:4: error: unknown type name 'constexpr'
   constexpr D() : val() {}
   ^
/Users/heart/Myfiles/NX/thirdparty-cpp/boost_1_62_0/libs/config/checks/../test/boost_no_constexpr.ipp:59:14: error: constructor cannot have a return type
   constexpr D() : val() {}
             ^
/Users/heart/Myfiles/NX/thirdparty-cpp/boost_1_62_0/libs/config/checks/../test/boost_no_constexpr.ipp:69:1: error: unknown type name 'constexpr'
constexpr F& f(F& out) { return out; }
^
/Users/heart/Myfiles/NX/thirdparty-cpp/boost_1_62_0/libs/config/checks/../test/boost_no_constexpr.ipp:69:12: error: expected ';' after top level declarator
constexpr F& f(F& out) { return out; }
           ^
           ;
fatal error: too many errors emitted, stopping now [-ferror-limit=]
20 errors generated.

    "g++"  -ftemplate-depth-128 -O0 -fno-inline -Wall -g -dynamic -gdwarf-2 -fexceptions -fPIC -arch x86_64  -DBOOST_ALL_NO_LIB=1 -DTEST_BOOST_NO_CXX11_CONSTEXPR  -I"." -c -o "bin.v2/libs/config/checks/darwin-4.2.1/debug/cxx11_constexpr_obj.o" "/Users/heart/Myfiles/NX/thirdparty-cpp/boost_1_62_0/libs/config/checks/test_case.cpp"

...failed darwin.compile.c++ bin.v2/libs/config/checks/darwin-4.2.1/debug/cxx11_constexpr_obj.o...
...skipped <pbin.v2/libs/config/checks/darwin-4.2.1/debug>cxx11_constexpr for lack of <pbin.v2/libs/config/checks/darwin-4.2.1/debug>cxx11_constexpr_obj.o...
...skipped <pbin.v2/libs/config/checks/darwin-4.2.1/debug>cxx11_constexpr.passed for lack of <pbin.v2/libs/config/checks/darwin-4.2.1/debug>cxx11_constexpr...
...failed updating 1 target...
...skipped 2 targets...
...found 3 targets...
...updating 3 targets...
darwin.compile.c++ bin.v2/libs/config/checks/darwin-4.2.1/debug/cxx11_defaulted_functions_obj.o
In file included from /Users/heart/Myfiles/NX/thirdparty-cpp/boost_1_62_0/libs/config/checks/test_case.cpp:477:
/Users/heart/Myfiles/NX/thirdparty-cpp/boost_1_62_0/libs/config/checks/../test/boost_no_defaulted_functions.ipp:14:4: error: Defaulted functions are not supported in non-C++0x mode
#  error Defaulted functions are not supported in non-C++0x mode
   ^
/Users/heart/Myfiles/NX/thirdparty-cpp/boost_1_62_0/libs/config/checks/../test/boost_no_defaulted_functions.ipp:20:13: warning: defaulted function definitions are a C++11 extension [-Wc++11-extensions]
    foo() = default;
            ^
1 warning and 1 error generated.

    "g++"  -ftemplate-depth-128 -O0 -fno-inline -Wall -g -dynamic -gdwarf-2 -fexceptions -fPIC -arch x86_64  -DBOOST_ALL_NO_LIB=1 -DTEST_BOOST_NO_CXX11_DEFAULTED_FUNCTIONS  -I"." -c -o "bin.v2/libs/config/checks/darwin-4.2.1/debug/cxx11_defaulted_functions_obj.o" "/Users/heart/Myfiles/NX/thirdparty-cpp/boost_1_62_0/libs/config/checks/test_case.cpp"

...failed darwin.compile.c++ bin.v2/libs/config/checks/darwin-4.2.1/debug/cxx11_defaulted_functions_obj.o...
...skipped <pbin.v2/libs/config/checks/darwin-4.2.1/debug>cxx11_defaulted_functions for lack of <pbin.v2/libs/config/checks/darwin-4.2.1/debug>cxx11_defaulted_functions_obj.o...
...skipped <pbin.v2/libs/config/checks/darwin-4.2.1/debug>cxx11_defaulted_functions.passed for lack of <pbin.v2/libs/config/checks/darwin-4.2.1/debug>cxx11_defaulted_functions...
...failed updating 1 target...
...skipped 2 targets...
...found 3 targets...
...updating 3 targets...
darwin.compile.c++ bin.v2/libs/config/checks/darwin-4.2.1/debug/cxx11_final_obj.o
In file included from /Users/heart/Myfiles/NX/thirdparty-cpp/boost_1_62_0/libs/config/checks/test_case.cpp:305:
/Users/heart/Myfiles/NX/thirdparty-cpp/boost_1_62_0/libs/config/checks/../test/boost_no_cxx11_final.ipp:15:10: warning: 'final' keyword is a C++11 extension [-Wc++11-extensions]
struct X final {};
         ^
/Users/heart/Myfiles/NX/thirdparty-cpp/boost_1_62_0/libs/config/checks/../test/boost_no_cxx11_final.ipp:24:20: warning: 'final' keyword is a C++11 extension [-Wc++11-extensions]
   virtual int f() final
                   ^
2 warnings generated.
darwin.link bin.v2/libs/config/checks/darwin-4.2.1/debug/cxx11_final
testing.unit-test bin.v2/libs/config/checks/darwin-4.2.1/debug/cxx11_final.passed
...updated 3 targets...
...found 3 targets...
...updating 3 targets...
darwin.compile.c++ bin.v2/libs/config/checks/darwin-4.2.1/debug/cxx11_hdr_tuple_obj.o
In file included from /Users/heart/Myfiles/NX/thirdparty-cpp/boost_1_62_0/libs/config/checks/test_case.cpp:365:
/Users/heart/Myfiles/NX/thirdparty-cpp/boost_1_62_0/libs/config/checks/../test/boost_no_cxx11_hdr_tuple.ipp:19:8: error: no member named 'tuple' in namespace 'std'
  std::tuple<int, int, long> t(0, 1, 2);
  ~~~~~^
/Users/heart/Myfiles/NX/thirdparty-cpp/boost_1_62_0/libs/config/checks/../test/boost_no_cxx11_hdr_tuple.ipp:19:17: error: expected '(' for function-style cast or type construction
  std::tuple<int, int, long> t(0, 1, 2);
             ~~~^
2 errors generated.

    "g++"  -ftemplate-depth-128 -O0 -fno-inline -Wall -g -dynamic -gdwarf-2 -fexceptions -fPIC -arch x86_64  -DBOOST_ALL_NO_LIB=1 -DTEST_BOOST_NO_CXX11_HDR_TUPLE  -I"." -c -o "bin.v2/libs/config/checks/darwin-4.2.1/debug/cxx11_hdr_tuple_obj.o" "/Users/heart/Myfiles/NX/thirdparty-cpp/boost_1_62_0/libs/config/checks/test_case.cpp"

...failed darwin.compile.c++ bin.v2/libs/config/checks/darwin-4.2.1/debug/cxx11_hdr_tuple_obj.o...
...skipped <pbin.v2/libs/config/checks/darwin-4.2.1/debug>cxx11_hdr_tuple for lack of <pbin.v2/libs/config/checks/darwin-4.2.1/debug>cxx11_hdr_tuple_obj.o...
...skipped <pbin.v2/libs/config/checks/darwin-4.2.1/debug>cxx11_hdr_tuple.passed for lack of <pbin.v2/libs/config/checks/darwin-4.2.1/debug>cxx11_hdr_tuple...
...failed updating 1 target...
...skipped 2 targets...
...found 3 targets...
...updating 3 targets...
darwin.compile.c++ bin.v2/libs/config/checks/darwin-4.2.1/debug/cxx11_lambdas_obj.o
In file included from /Users/heart/Myfiles/NX/thirdparty-cpp/boost_1_62_0/libs/config/checks/test_case.cpp:561:
/Users/heart/Myfiles/NX/thirdparty-cpp/boost_1_62_0/libs/config/checks/../test/boost_no_lambdas.ipp:14:4: error: This feature is not available in non-C++0x mode
#  error This feature is not available in non-C++0x mode
   ^
/Users/heart/Myfiles/NX/thirdparty-cpp/boost_1_62_0/libs/config/checks/../test/boost_no_lambdas.ipp:27:12: error: expected expression
  return f([](){ return 0; });
           ^
2 errors generated.

    "g++"  -ftemplate-depth-128 -O0 -fno-inline -Wall -g -dynamic -gdwarf-2 -fexceptions -fPIC -arch x86_64  -DBOOST_ALL_NO_LIB=1 -DTEST_BOOST_NO_CXX11_LAMBDAS  -I"." -c -o "bin.v2/libs/config/checks/darwin-4.2.1/debug/cxx11_lambdas_obj.o" "/Users/heart/Myfiles/NX/thirdparty-cpp/boost_1_62_0/libs/config/checks/test_case.cpp"

...failed darwin.compile.c++ bin.v2/libs/config/checks/darwin-4.2.1/debug/cxx11_lambdas_obj.o...
...skipped <pbin.v2/libs/config/checks/darwin-4.2.1/debug>cxx11_lambdas for lack of <pbin.v2/libs/config/checks/darwin-4.2.1/debug>cxx11_lambdas_obj.o...
...skipped <pbin.v2/libs/config/checks/darwin-4.2.1/debug>cxx11_lambdas.passed for lack of <pbin.v2/libs/config/checks/darwin-4.2.1/debug>cxx11_lambdas...
...failed updating 1 target...
...skipped 2 targets...
...found 3 targets...
...updating 3 targets...
darwin.compile.c++ bin.v2/libs/config/checks/darwin-4.2.1/debug/cxx11_noexcept_obj.o
In file included from /Users/heart/Myfiles/NX/thirdparty-cpp/boost_1_62_0/libs/config/checks/test_case.cpp:605:
/Users/heart/Myfiles/NX/thirdparty-cpp/boost_1_62_0/libs/config/checks/../test/boost_no_noexcept.ipp:16:9: error: expected function body after function declarator
int f() noexcept ;
        ^
/Users/heart/Myfiles/NX/thirdparty-cpp/boost_1_62_0/libs/config/checks/../test/boost_no_noexcept.ipp:17:9: error: expected function body after function declarator
int g() noexcept( noexcept( f() ) ) ;
        ^
/Users/heart/Myfiles/NX/thirdparty-cpp/boost_1_62_0/libs/config/checks/../test/boost_no_noexcept.ipp:21:22: error: use of undeclared identifier 'g'
  bool b = noexcept( g() );
                     ^
3 errors generated.

    "g++"  -ftemplate-depth-128 -O0 -fno-inline -Wall -g -dynamic -gdwarf-2 -fexceptions -fPIC -arch x86_64  -DBOOST_ALL_NO_LIB=1 -DTEST_BOOST_NO_CXX11_NOEXCEPT  -I"." -c -o "bin.v2/libs/config/checks/darwin-4.2.1/debug/cxx11_noexcept_obj.o" "/Users/heart/Myfiles/NX/thirdparty-cpp/boost_1_62_0/libs/config/checks/test_case.cpp"

...failed darwin.compile.c++ bin.v2/libs/config/checks/darwin-4.2.1/debug/cxx11_noexcept_obj.o...
...skipped <pbin.v2/libs/config/checks/darwin-4.2.1/debug>cxx11_noexcept for lack of <pbin.v2/libs/config/checks/darwin-4.2.1/debug>cxx11_noexcept_obj.o...
...skipped <pbin.v2/libs/config/checks/darwin-4.2.1/debug>cxx11_noexcept.passed for lack of <pbin.v2/libs/config/checks/darwin-4.2.1/debug>cxx11_noexcept...
...failed updating 1 target...
...skipped 2 targets...
...found 3 targets...
...updating 3 targets...
darwin.compile.c++ bin.v2/libs/config/checks/darwin-4.2.1/debug/cxx11_nullptr_obj.o
In file included from /Users/heart/Myfiles/NX/thirdparty-cpp/boost_1_62_0/libs/config/checks/test_case.cpp:609:
/Users/heart/Myfiles/NX/thirdparty-cpp/boost_1_62_0/libs/config/checks/../test/boost_no_nullptr.ipp:19:13: error: use of undeclared identifier 'nullptr'
  int * p = nullptr;
            ^
1 error generated.

    "g++"  -ftemplate-depth-128 -O0 -fno-inline -Wall -g -dynamic -gdwarf-2 -fexceptions -fPIC -arch x86_64  -DBOOST_ALL_NO_LIB=1 -DTEST_BOOST_NO_CXX11_NULLPTR  -I"." -c -o "bin.v2/libs/config/checks/darwin-4.2.1/debug/cxx11_nullptr_obj.o" "/Users/heart/Myfiles/NX/thirdparty-cpp/boost_1_62_0/libs/config/checks/test_case.cpp"

...failed darwin.compile.c++ bin.v2/libs/config/checks/darwin-4.2.1/debug/cxx11_nullptr_obj.o...
...skipped <pbin.v2/libs/config/checks/darwin-4.2.1/debug>cxx11_nullptr for lack of <pbin.v2/libs/config/checks/darwin-4.2.1/debug>cxx11_nullptr_obj.o...
...skipped <pbin.v2/libs/config/checks/darwin-4.2.1/debug>cxx11_nullptr.passed for lack of <pbin.v2/libs/config/checks/darwin-4.2.1/debug>cxx11_nullptr...
...failed updating 1 target...
...skipped 2 targets...
...found 3 targets...
...updating 3 targets...
darwin.compile.c++ bin.v2/libs/config/checks/darwin-4.2.1/debug/cxx11_rvalue_references_obj.o
In file included from /Users/heart/Myfiles/NX/thirdparty-cpp/boost_1_62_0/libs/config/checks/test_case.cpp:649:
/Users/heart/Myfiles/NX/thirdparty-cpp/boost_1_62_0/libs/config/checks/../test/boost_no_rvalue_references.ipp:17:20: warning: rvalue references are a C++11 extension [-Wc++11-extensions]
void forward(F f, T&& t) { f(static_cast<T&&>(t)); }
                   ^
/Users/heart/Myfiles/NX/thirdparty-cpp/boost_1_62_0/libs/config/checks/../test/boost_no_rvalue_references.ipp:17:43: warning: rvalue references are a C++11 extension [-Wc++11-extensions]
void forward(F f, T&& t) { f(static_cast<T&&>(t)); }
                                          ^
2 warnings generated.
darwin.link bin.v2/libs/config/checks/darwin-4.2.1/debug/cxx11_rvalue_references
testing.unit-test bin.v2/libs/config/checks/darwin-4.2.1/debug/cxx11_rvalue_references.passed
...updated 3 targets...
...found 3 targets...
...updating 3 targets...
darwin.compile.c++ bin.v2/libs/config/checks/darwin-4.2.1/debug/cxx11_template_aliases_obj.o
In file included from /Users/heart/Myfiles/NX/thirdparty-cpp/boost_1_62_0/libs/config/checks/test_case.cpp:733:
/Users/heart/Myfiles/NX/thirdparty-cpp/boost_1_62_0/libs/config/checks/../test/boost_no_template_aliases.ipp:15:14: warning: alias declarations are a C++11 extension [-Wc++11-extensions]
using PINT = void (*)(int);             // using plus C-style type
             ^
1 warning generated.
darwin.link bin.v2/libs/config/checks/darwin-4.2.1/debug/cxx11_template_aliases
testing.unit-test bin.v2/libs/config/checks/darwin-4.2.1/debug/cxx11_template_aliases.passed
...updated 3 targets...
...found 3 targets...
...updating 3 targets...
darwin.compile.c++ bin.v2/libs/config/checks/darwin-4.2.1/debug/cxx11_thread_local_obj.o
In file included from /Users/heart/Myfiles/NX/thirdparty-cpp/boost_1_62_0/libs/config/checks/test_case.cpp:409:
/Users/heart/Myfiles/NX/thirdparty-cpp/boost_1_62_0/libs/config/checks/../test/boost_no_cxx11_thread_local.ipp:19:11: error: unknown type name 'thread_local'
   static thread_local std::string local("hello");
          ^
/Users/heart/Myfiles/NX/thirdparty-cpp/boost_1_62_0/libs/config/checks/../test/boost_no_cxx11_thread_local.ipp:19:29: error: definition or redeclaration of 'string' not allowed inside a function
   static thread_local std::string local("hello");
                       ~~~~~^
/Users/heart/Myfiles/NX/thirdparty-cpp/boost_1_62_0/libs/config/checks/../test/boost_no_cxx11_thread_local.ipp:19:35: error: expected ';' at end of declaration
   static thread_local std::string local("hello");
                                  ^
                                  ;
3 errors generated.

    "g++"  -ftemplate-depth-128 -O0 -fno-inline -Wall -g -dynamic -gdwarf-2 -fexceptions -fPIC -arch x86_64  -DBOOST_ALL_NO_LIB=1 -DTEST_BOOST_NO_CXX11_THREAD_LOCAL  -I"." -c -o "bin.v2/libs/config/checks/darwin-4.2.1/debug/cxx11_thread_local_obj.o" "/Users/heart/Myfiles/NX/thirdparty-cpp/boost_1_62_0/libs/config/checks/test_case.cpp"

...failed darwin.compile.c++ bin.v2/libs/config/checks/darwin-4.2.1/debug/cxx11_thread_local_obj.o...
...skipped <pbin.v2/libs/config/checks/darwin-4.2.1/debug>cxx11_thread_local for lack of <pbin.v2/libs/config/checks/darwin-4.2.1/debug>cxx11_thread_local_obj.o...
...skipped <pbin.v2/libs/config/checks/darwin-4.2.1/debug>cxx11_thread_local.passed for lack of <pbin.v2/libs/config/checks/darwin-4.2.1/debug>cxx11_thread_local...
...failed updating 1 target...
...skipped 2 targets...
...found 3 targets...
...updating 3 targets...
darwin.compile.c++ bin.v2/libs/config/checks/darwin-4.2.1/debug/cxx11_variadic_templates_obj.o
In file included from /Users/heart/Myfiles/NX/thirdparty-cpp/boost_1_62_0/libs/config/checks/test_case.cpp:781:
/Users/heart/Myfiles/NX/thirdparty-cpp/boost_1_62_0/libs/config/checks/../test/boost_no_variadic_templates.ipp:14:18: warning: variadic templates are a C++11 extension [-Wc++11-extensions]
template<typename... Elements> struct tuple {};
                 ^
1 warning generated.
darwin.link bin.v2/libs/config/checks/darwin-4.2.1/debug/cxx11_variadic_templates
testing.unit-test bin.v2/libs/config/checks/darwin-4.2.1/debug/cxx11_variadic_templates.passed
...updated 3 targets...
...found 20 targets...
...updating 7 targets...
common.mkdir bin.v2/libs/regex
common.mkdir bin.v2/libs/regex/build
common.mkdir bin.v2/libs/regex/build/darwin-4.2.1
common.mkdir bin.v2/libs/regex/build/darwin-4.2.1/debug
darwin.compile.c++ bin.v2/libs/regex/build/darwin-4.2.1/debug/has_icu_test.o
libs/regex/build/has_icu_test.cpp:12:10: fatal error: 'unicode/uversion.h' file not found
#include <unicode/uversion.h>
         ^
1 error generated.

    "g++"  -ftemplate-depth-128 -O0 -fno-inline -Wall -pedantic -g -dynamic -gdwarf-2 -fexceptions -Wno-long-long -fPIC -arch x86_64  -DBOOST_ALL_NO_LIB=1 -DBOOST_HAS_ICU=1  -I"." -c -o "bin.v2/libs/regex/build/darwin-4.2.1/debug/has_icu_test.o" "libs/regex/build/has_icu_test.cpp"

...failed darwin.compile.c++ bin.v2/libs/regex/build/darwin-4.2.1/debug/has_icu_test.o...
...skipped <pbin.v2/libs/regex/build/darwin-4.2.1/debug>has_icu for lack of <pbin.v2/libs/regex/build/darwin-4.2.1/debug>has_icu_test.o...
...skipped <pbin.v2/libs/regex/build/darwin-4.2.1/debug>has_icu.passed for lack of <pbin.v2/libs/regex/build/darwin-4.2.1/debug>has_icu...
...failed updating 1 target...
...skipped 2 targets...
...updated 4 targets...
...found 9 targets...
...updating 7 targets...
common.mkdir bin.v2/standalone
common.mkdir bin.v2/standalone/ac
common.mkdir bin.v2/standalone/ac/darwin-4.2.1
common.mkdir bin.v2/standalone/ac/darwin-4.2.1/release
common.mkdir bin.v2/standalone/ac/darwin-4.2.1/release/threading-multi
darwin.compile.c++ bin.v2/standalone/ac/darwin-4.2.1/release/threading-multi/zlib_h.o
...updated 7 targets...
...found 5 targets...
...updating 3 targets...
darwin.compile.c++ bin.v2/standalone/ac/darwin-4.2.1/release/threading-multi/main.o
darwin.link bin.v2/standalone/ac/darwin-4.2.1/release/threading-multi/z
...updated 3 targets...
...found 4 targets...
...updating 2 targets...
darwin.compile.c++ bin.v2/standalone/ac/darwin-4.2.1/release/threading-multi/bzlib_h.o
...updated 2 targets...
...found 1 target...
...updating 1 target...
darwin.link bin.v2/standalone/ac/darwin-4.2.1/release/threading-multi/bz2
...updated 1 target...
...found 8 targets...
...updating 6 targets...
common.mkdir bin.v2/libs/locale
common.mkdir bin.v2/libs/locale/build
common.mkdir bin.v2/libs/locale/build/darwin-4.2.1
common.mkdir bin.v2/libs/locale/build/darwin-4.2.1/debug
darwin.compile.c++ bin.v2/libs/locale/build/darwin-4.2.1/debug/has_iconv_libc_obj.o
darwin.link bin.v2/libs/locale/build/darwin-4.2.1/debug/has_iconv
Undefined symbols for architecture x86_64:
  "_iconv_open", referenced from:
      _main in has_iconv_libc_obj.o
ld: symbol(s) not found for architecture x86_64
clang: error: linker command failed with exit code 1 (use -v to see invocation)

    "g++"  -o "bin.v2/libs/locale/build/darwin-4.2.1/debug/has_iconv" "bin.v2/libs/locale/build/darwin-4.2.1/debug/has_iconv_libc_obj.o"       -g -arch x86_64 
       

...failed darwin.link bin.v2/libs/locale/build/darwin-4.2.1/debug/has_iconv...
...failed updating 1 target...
...updated 5 targets...
...found 2 targets...
...updating 2 targets...
darwin.compile.c++ bin.v2/libs/locale/build/darwin-4.2.1/debug/has_iconv_libc_ext.o
darwin.link bin.v2/libs/locale/build/darwin-4.2.1/debug/has_external_iconv
...updated 2 targets...
...found 4 targets...
...updating 2 targets...
darwin.compile.c++ bin.v2/libs/locale/build/darwin-4.2.1/debug/has_icu_obj.o
libs/locale/src/../build/has_icu_test.cpp:12:10: fatal error: 'unicode/uversion.h' file not found
#include <unicode/uversion.h>
         ^
1 error generated.

    "g++"  -ftemplate-depth-128 -O0 -fno-inline -Wall -g -dynamic -gdwarf-2 -fexceptions -fPIC -arch x86_64  -DBOOST_ALL_NO_LIB=1  -I"." -c -o "bin.v2/libs/locale/build/darwin-4.2.1/debug/has_icu_obj.o" "libs/locale/src/../build/has_icu_test.cpp"

...failed darwin.compile.c++ bin.v2/libs/locale/build/darwin-4.2.1/debug/has_icu_obj.o...
...skipped <pbin.v2/libs/locale/build/darwin-4.2.1/debug>has_icu for lack of <pbin.v2/libs/locale/build/darwin-4.2.1/debug>has_icu_obj.o...
...failed updating 1 target...
...skipped 1 target...
...found 2 targets...
...updating 2 targets...
darwin.compile.c++ bin.v2/libs/locale/build/darwin-4.2.1/debug/has_icu64_obj.o
libs/locale/src/../build/has_icu_test.cpp:12:10: fatal error: 'unicode/uversion.h' file not found
#include <unicode/uversion.h>
         ^
1 error generated.

    "g++"  -ftemplate-depth-128 -O0 -fno-inline -Wall -g -dynamic -gdwarf-2 -fexceptions -fPIC -arch x86_64  -DBOOST_ALL_NO_LIB=1  -I"." -c -o "bin.v2/libs/locale/build/darwin-4.2.1/debug/has_icu64_obj.o" "libs/locale/src/../build/has_icu_test.cpp"

...failed darwin.compile.c++ bin.v2/libs/locale/build/darwin-4.2.1/debug/has_icu64_obj.o...
...skipped <pbin.v2/libs/locale/build/darwin-4.2.1/debug>has_icu64 for lack of <pbin.v2/libs/locale/build/darwin-4.2.1/debug>has_icu64_obj.o...
...failed updating 1 target...
...skipped 1 target...
...found 9 targets...
...updating 7 targets...
common.mkdir bin.v2/libs/log
common.mkdir bin.v2/libs/log/config
common.mkdir bin.v2/libs/log/config/atomic-int32
common.mkdir bin.v2/libs/log/config/atomic-int32/darwin-4.2.1
common.mkdir bin.v2/libs/log/config/atomic-int32/darwin-4.2.1/debug
common.mkdir bin.v2/libs/log/config/atomic-int32/darwin-4.2.1/debug/pch-off
darwin.compile.c++ bin.v2/libs/log/config/atomic-int32/darwin-4.2.1/debug/pch-off/atomic_int32.o
...updated 7 targets...
...found 6 targets...
...updating 5 targets...
common.mkdir bin.v2/libs/log/config/pthread-mutex-robust
common.mkdir bin.v2/libs/log/config/pthread-mutex-robust/darwin-4.2.1
common.mkdir bin.v2/libs/log/config/pthread-mutex-robust/darwin-4.2.1/debug
common.mkdir bin.v2/libs/log/config/pthread-mutex-robust/darwin-4.2.1/debug/pch-off
darwin.compile.c++ bin.v2/libs/log/config/pthread-mutex-robust/darwin-4.2.1/debug/pch-off/pthread_mutex_robust.o
libs/log/config/pthread-mutex-robust/pthread_mutex_robust.cpp:17:40: error: use of undeclared identifier 'PTHREAD_MUTEX_ROBUST'
    pthread_mutexattr_setrobust(&attr, PTHREAD_MUTEX_ROBUST);
                                       ^
libs/log/config/pthread-mutex-robust/pthread_mutex_robust.cpp:26:15: error: use of undeclared identifier 'pthread_mutex_consistent'; did you mean 'pthread_mutex_destroy'?
        err = pthread_mutex_consistent(&m);
              ^~~~~~~~~~~~~~~~~~~~~~~~
              pthread_mutex_destroy
/usr/include/pthread.h:366:5: note: 'pthread_mutex_destroy' declared here
int pthread_mutex_destroy(pthread_mutex_t *);
    ^
2 errors generated.

    "g++"  -ftemplate-depth-128 -O0 -fno-inline -Wall -g -dynamic -gdwarf-2 -fexceptions -fPIC -arch x86_64  -DBOOST_ALL_NO_LIB=1  -I"." -c -o "bin.v2/libs/log/config/pthread-mutex-robust/darwin-4.2.1/debug/pch-off/pthread_mutex_robust.o" "libs/log/config/pthread-mutex-robust/pthread_mutex_robust.cpp"

...failed darwin.compile.c++ bin.v2/libs/log/config/pthread-mutex-robust/darwin-4.2.1/debug/pch-off/pthread_mutex_robust.o...
...failed updating 1 target...
...updated 4 targets...
...found 6 targets...
...updating 5 targets...
common.mkdir bin.v2/libs/log/config/visibility
common.mkdir bin.v2/libs/log/config/visibility/darwin-4.2.1
common.mkdir bin.v2/libs/log/config/visibility/darwin-4.2.1/debug
common.mkdir bin.v2/libs/log/config/visibility/darwin-4.2.1/debug/pch-off
darwin.compile.c++ bin.v2/libs/log/config/visibility/darwin-4.2.1/debug/pch-off/visibility.o
...updated 5 targets...
...found 7 targets...
...updating 5 targets...
common.mkdir bin.v2/libs/log/config/x86-ext
common.mkdir bin.v2/libs/log/config/x86-ext/darwin-4.2.1
common.mkdir bin.v2/libs/log/config/x86-ext/darwin-4.2.1/debug
common.mkdir bin.v2/libs/log/config/x86-ext/darwin-4.2.1/debug/pch-off
darwin.compile.c++ bin.v2/libs/log/config/x86-ext/darwin-4.2.1/debug/pch-off/ssse3.o
...updated 5 targets...
...found 3 targets...
...updating 1 target...
darwin.compile.c++ bin.v2/libs/log/config/x86-ext/darwin-4.2.1/debug/pch-off/avx2.o
libs/log/config/x86-ext/avx2.cpp:12:18: error: always_inline function '_mm256_setzero_si256' requires target feature 'avx', but would be inlined into function 'main' that is compiled without support for 'avx'
    __m256i mm = _mm256_setzero_si256();
                 ^
libs/log/config/x86-ext/avx2.cpp:13:10: error: always_inline function '_mm256_shuffle_epi8' requires target feature 'avx2', but would be inlined into function 'main' that is compiled without support for 'avx2'
    mm = _mm256_shuffle_epi8(_mm256_alignr_epi8(mm, mm, 10), mm);
         ^
libs/log/config/x86-ext/avx2.cpp:13:30: error: '__builtin_ia32_palignr256' needs target feature avx2
    mm = _mm256_shuffle_epi8(_mm256_alignr_epi8(mm, mm, 10), mm);
                             ^
/Applications/Xcode.app/Contents/Developer/Toolchains/XcodeDefault.xctoolchain/usr/bin/../lib/clang/8.0.0/include/avx2intrin.h:128:12: note: expanded from macro '_mm256_alignr_epi8'
  (__m256i)__builtin_ia32_palignr256((__v32qi)(__m256i)(a), \
           ^
libs/log/config/x86-ext/avx2.cpp:14:5: error: always_inline function '_mm256_zeroupper' requires target feature 'avx', but would be inlined into function 'main' that is compiled without support for 'avx'
    _mm256_zeroupper();
    ^
4 errors generated.

    "g++"  -ftemplate-depth-128 -O0 -fno-inline -Wall -g -dynamic -gdwarf-2 -fexceptions -fPIC -arch x86_64  -DBOOST_ALL_NO_LIB=1  -I"." -c -o "bin.v2/libs/log/config/x86-ext/darwin-4.2.1/debug/pch-off/avx2.o" "libs/log/config/x86-ext/avx2.cpp"

...failed darwin.compile.c++ bin.v2/libs/log/config/x86-ext/darwin-4.2.1/debug/pch-off/avx2.o...
...failed updating 1 target...
...found 6 targets...
...updating 5 targets...
common.mkdir bin.v2/libs/math
common.mkdir bin.v2/libs/math/config
common.mkdir bin.v2/libs/math/config/darwin-4.2.1
common.mkdir bin.v2/libs/math/config/darwin-4.2.1/debug
darwin.compile.c++ bin.v2/libs/math/config/darwin-4.2.1/debug/has_gcc_visibility.o
...updated 5 targets...
...found 132 targets...
...updating 1 target...
darwin.compile.c++ bin.v2/libs/math/config/darwin-4.2.1/debug/has_long_double_support.o
...updated 1 target...
...found 3 targets...
...updating 3 targets...
common.mkdir bin.v2/standalone/ac/darwin-4.2.1/release/link-static
common.mkdir bin.v2/standalone/ac/darwin-4.2.1/release/link-static/threading-multi
darwin.compile.c++ bin.v2/standalone/ac/darwin-4.2.1/release/link-static/threading-multi/zlib_h.o
...updated 3 targets...
...found 2 targets...
...updating 2 targets...
darwin.compile.c++ bin.v2/standalone/ac/darwin-4.2.1/release/link-static/threading-multi/main.o
darwin.link bin.v2/standalone/ac/darwin-4.2.1/release/link-static/threading-multi/z
...updated 2 targets...
...found 1 target...
...updating 1 target...
darwin.compile.c++ bin.v2/standalone/ac/darwin-4.2.1/release/link-static/threading-multi/bzlib_h.o
...updated 1 target...
...found 1 target...
...updating 1 target...
darwin.link bin.v2/standalone/ac/darwin-4.2.1/release/link-static/threading-multi/bz2
...updated 1 target...
...found 1 target...
...updating 1 target...
config-cache.write bin.v2/project-cache.jam
...updated 1 target...
